<?xml version="1.0" encoding="UTF-8"?>
<testng-results skipped="0" failed="0" ignored="3" total="4" passed="1">
  <reporter-output>
  </reporter-output>
  <suite name="Homedepot" duration-ms="35116" started-at="2021-04-15T17:51:53Z" finished-at="2021-04-15T17:52:28Z">
    <groups>
    </groups>
    <test name="HomeDepot Test" duration-ms="35116" started-at="2021-04-15T17:51:53Z" finished-at="2021-04-15T17:52:28Z">
      <class name="com.homedepot.TestCases.HomeScreenTest">
        <test-method status="PASS" signature="setup(java.lang.String)[pri:0, instance:com.homedepot.TestCases.HomeScreenTest@53b32d7]" name="setup" is-config="true" duration-ms="4630" started-at="2021-04-15T17:51:53Z" finished-at="2021-04-15T17:51:58Z">
          <params>
            <param index="0">
              <value>
                <![CDATA[chrome]]>
              </value>
            </param>
          </params>
          <reporter-output>
          </reporter-output>
        </test-method> <!-- setup -->
        <test-method status="PASS" signature="searchanitem_tc002()[pri:0, instance:com.homedepot.TestCases.HomeScreenTest@53b32d7]" name="searchanitem_tc002" duration-ms="30288" started-at="2021-04-15T17:51:58Z" finished-at="2021-04-15T17:52:28Z">
          <reporter-output>
          </reporter-output>
        </test-method> <!-- searchanitem_tc002 -->
        <test-method status="PASS" signature="teardown()[pri:0, instance:com.homedepot.TestCases.HomeScreenTest@53b32d7]" name="teardown" is-config="true" duration-ms="0" started-at="2021-04-15T17:52:28Z" finished-at="2021-04-15T17:52:28Z">
          <reporter-output>
          </reporter-output>
        </test-method> <!-- teardown -->
      </class> <!-- com.homedepot.TestCases.HomeScreenTest -->
    </test> <!-- HomeDepot Test -->
  </suite> <!-- Homedepot -->
</testng-results>
