<?xml version="1.0" encoding="UTF-8"?>
<!-- Generated by org.testng.reporters.JUnitXMLReporter -->
<testsuite hostname="ROHINI-LNV" ignored="3" name="HomeDepot Test" tests="1" failures="0" timestamp="15 Apr 2021 18:09:18 GMT" time="23.33" errors="0">
  <testcase name="login_001" time="17.388" classname="com.homedepot.TestCases.HomeScreenTest"/>
  <testcase name="findastore_003" time="0.0" classname="com.homedepot.TestCases.HomeScreenTest">
    <ignored/>
  </testcase> <!-- findastore_003 -->
  <testcase name="giftcards_004" time="0.0" classname="com.homedepot.TestCases.HomeScreenTest">
    <ignored/>
  </testcase> <!-- giftcards_004 -->
  <testcase name="searchanitem_tc002" time="0.0" classname="com.homedepot.TestCases.HomeScreenTest">
    <ignored/>
  </testcase> <!-- searchanitem_tc002 -->
</testsuite> <!-- HomeDepot Test -->
